Arguments: 
  C:\Program Files (x86)\Nodist\v-x64\14.16.0\node.exe C:\Program Files (x86)\Nodist\bin\node_modules\yarn\bin\yarn.js add bootstrap 5.1.1

PATH: 
  C:\Users\sutakora\bin;C:\Program Files\Git\mingw64\bin;C:\Program Files\Git\usr\local\bin;C:\Program Files\Git\usr\bin;C:\Program Files\Git\usr\bin;C:\Program Files\Git\mingw64\bin;C:\Program Files\Git\usr\bin;C:\Users\sutakora\bin;C:\Program Files (x86)\Common Files\Intel\Shared Libraries\redist\intel64\compiler;C:\Program Files\Common Files\Microsoft Shared\Windows Live;C:\Program Files (x86)\Common Files\Microsoft Shared\Windows Live;C:\Program Files (x86)\Intel\iCLS Client;C:\Program Files\Intel\iCLS Client;C:\WINDOWS\system32;C:\WINDOWS;C:\WINDOWS\System32\Wbem;C:\WINDOWS\System32\WindowsPowerShell\v1.0;C:\Program Files\Intel\Intel(R) Management Engine Components\DAL;C:\Program Files (x86)\Intel\Intel(R) Management Engine Components\DAL;C:\Program Files\Intel\Intel(R) Management Engine Components\IPT;C:\Program Files (x86)\Intel\Intel(R) Management Engine Components\IPT;C:\Program Files (x86)\Windows Live\Shared;C:\Program Files (x86)\Common Files\Adobe\AGL;C:\Program Files (x86)\Nodist\bin;C:\Program Files\tidy2_x64;C:\WINDOWS\System32\OpenSSH;C:\Program Files\Microsoft\Web Platform Installer;C:\xampp\php;C:\ProgramData\ComposerSetup\bin;C:\Program Files (x86)\Brackets\command;C:\Program Files\PuTTY;C:\Program Files\PowerShell\7;C:\HashiCorp\Vagrant\bin;C:\Program Files\nodejs;C:\Program Files\Crucial\Crucial Storage Executive;C:\Program Files\dotnet;C:\Program Files\Docker\Docker\resources\bin;C:\ProgramData\DockerDesktop\version-bin;C:\Ruby24-x64\bin;C:\Users\sutakora\AppData\Local\Programs\Python\Python37\Scripts;C:\Users\sutakora\AppData\Local\Programs\Python\Python37;C:\Users\sutakora\AppData\Local\Microsoft\WindowsApps;C:\xampp\php;C:\xampp\mysql\bin;C:\Users\sutakora\AppData\Roaming\Composer\vendor\bin;C:\Users\sutakora\AppData\Local\Programs\Microsoft VS Code\bin;C:\Program Files\heroku\bin;C:\Program Files\PostgreSQL\12\bin;C:\Users\sutakora\AppData\Roaming\npm;C:\Users\sutakora\AppData\Local\gitkraken\bin;C:\Program Files\Bandizip;C:\Users\sutakora\.dotnet\tools;C:\Program Files\Git\usr\bin\vendor_perl;C:\Program Files\Git\usr\bin\core_perl

Yarn version: 
  1.22.10

Node version: 
  14.16.0

Platform: 
  win32 x64

Trace: 
  Error: https://registry.yarnpkg.com/5.1.1: Not found
      at Request.params.callback [as _callback] (C:\Program Files (x86)\Nodist\bin\node_modules\yarn\lib\cli.js:66988:18)
      at Request.self.callback (C:\Program Files (x86)\Nodist\bin\node_modules\yarn\lib\cli.js:140662:22)
      at Request.emit (events.js:315:20)
      at Request.<anonymous> (C:\Program Files (x86)\Nodist\bin\node_modules\yarn\lib\cli.js:141634:10)
      at Request.emit (events.js:315:20)
      at IncomingMessage.<anonymous> (C:\Program Files (x86)\Nodist\bin\node_modules\yarn\lib\cli.js:141556:12)
      at Object.onceWrapper (events.js:421:28)
      at IncomingMessage.emit (events.js:327:22)
      at endReadableNT (internal/streams/readable.js:1327:12)
      at processTicksAndRejections (internal/process/task_queues.js:80:21)

npm manifest: 
  {
    "name": "cocoon-child-ane-portfolio",
    "version": "1.0.0",
    "description": "",
    "main": "javascript.js",
    "directories": {
      "lib": "lib"
    },
    "scripts": {
      "test": "echo \"Error: no test specified\" && exit 1"
    },
    "repository": "git+https://github.com/ken3986/cocoon-child-ane-portfolio.git",
    "keywords": [],
    "author": "ken3986 <naka_ken8686@yahoo.co.jp>",
    "license": "ISC",
    "bugs": {
      "url": "https://github.com/ken3986/cocoon-child-ane-portfolio/issues"
    },
    "homepage": "https://github.com/ken3986/cocoon-child-ane-portfolio#readme",
    "dependencies": {}
  }

yarn manifest: 
  No manifest

Lockfile: 
  # THIS IS AN AUTOGENERATED FILE. DO NOT EDIT THIS FILE DIRECTLY.
  # yarn lockfile v1
